<?xml version="1.0" encoding="UTF-8"?>
<testsuite name="DiceHandTest" tests="2" skipped="0" failures="0" errors="0" timestamp="2022-11-04T15:56:48" hostname="KEMO" time="0.024">
  <properties/>
  <testcase name="roll()" classname="DiceHandTest" time="0.019"/>
  <testcase name="rollalldice()" classname="DiceHandTest" time="0.004"/>
  <system-out><![CDATA[]]></system-out>
  <system-err><![CDATA[]]></system-err>
</testsuite>
