<?xml version="1.0" encoding="UTF-8"?>
<testsuite name="monkeytest" tests="3" skipped="0" failures="0" errors="0" timestamp="2022-11-04T15:56:48" hostname="KEMO" time="0.01">
  <properties/>
  <testcase name="monkeyplay()" classname="monkeytest" time="0.001"/>
  <testcase name="result()" classname="monkeytest" time="0.003"/>
  <testcase name="rollalldice()" classname="monkeytest" time="0.003"/>
  <system-out><![CDATA[the result is : you got five of a kind! YATZEE!
]]></system-out>
  <system-err><![CDATA[]]></system-err>
</testsuite>
