<?xml version="1.0" encoding="UTF-8"?>
<testsuite name="DiceTest" tests="2" skipped="0" failures="0" errors="0" timestamp="2022-11-04T15:56:48" hostname="KEMO" time="0.004">
  <properties/>
  <testcase name="DiceGraphic()" classname="DiceTest" time="0.001"/>
  <testcase name="roll()" classname="DiceTest" time="0.002"/>
  <system-out><![CDATA[]]></system-out>
  <system-err><![CDATA[]]></system-err>
</testsuite>
