<?xml version="1.0" encoding="UTF-8"?>
<testsuite name="DiceHandTest" tests="2" skipped="0" failures="0" errors="0" timestamp="2022-11-03T17:04:05" hostname="KEMO" time="0.021">
  <properties/>
  <testcase name="roll()" classname="DiceHandTest" time="0.018"/>
  <testcase name="rollalldice()" classname="DiceHandTest" time="0.002"/>
  <system-out><![CDATA[]]></system-out>
  <system-err><![CDATA[]]></system-err>
</testsuite>
