<?xml version="1.0" encoding="UTF-8"?>
<testsuite name="DiceTest" tests="2" skipped="0" failures="0" errors="0" timestamp="2022-11-03T13:32:28" hostname="KEMO" time="0.022">
  <properties/>
  <testcase name="DiceGraphic()" classname="DiceTest" time="0.02"/>
  <testcase name="roll()" classname="DiceTest" time="0.002"/>
  <system-out><![CDATA[]]></system-out>
  <system-err><![CDATA[]]></system-err>
</testsuite>
